C:\Program Files\Microsoft Visual Studio\2022\Community\MSBuild\Microsoft\VC\v170\Microsoft.CppBuild.targets(531,5): warning MSB8028: The intermediate directory (x64\Debug\) contains files shared from another project (LFC Project 2.vcxproj).  This can lead to incorrect clean and rebuild behavior.
  AFD.cpp
D:\FISIERE AN 2 SEM 1 - FACULTATE DE MATEMATICA SI INFORMATICA -INFORMATICA\COMPUTERS\probleme C++\LFC proiectul 1\LFC Grammar_NFA_DFA_Regex\LFC Project 2\AFD.cpp(68,22): warning C4566: character represented by universal-character-name '\u0219' cannot be represented in the current code page (1252)
  AFN.cpp
D:\FISIERE AN 2 SEM 1 - FACULTATE DE MATEMATICA SI INFORMATICA -INFORMATICA\COMPUTERS\probleme C++\LFC proiectul 1\LFC Grammar_NFA_DFA_Regex\LFC Project 2\AFN.cpp(13,23): warning C4566: character represented by universal-character-name '\u03BB' cannot be represented in the current code page (1252)
D:\FISIERE AN 2 SEM 1 - FACULTATE DE MATEMATICA SI INFORMATICA -INFORMATICA\COMPUTERS\probleme C++\LFC proiectul 1\LFC Grammar_NFA_DFA_Regex\LFC Project 2\AFN.cpp(25,25): warning C4566: character represented by universal-character-name '\u03BB' cannot be represented in the current code page (1252)
D:\FISIERE AN 2 SEM 1 - FACULTATE DE MATEMATICA SI INFORMATICA -INFORMATICA\COMPUTERS\probleme C++\LFC proiectul 1\LFC Grammar_NFA_DFA_Regex\LFC Project 2\AFN.cpp(49,19): warning C4566: character represented by universal-character-name '\u03BB' cannot be represented in the current code page (1252)
D:\FISIERE AN 2 SEM 1 - FACULTATE DE MATEMATICA SI INFORMATICA -INFORMATICA\COMPUTERS\probleme C++\LFC proiectul 1\LFC Grammar_NFA_DFA_Regex\LFC Project 2\AFN.cpp(118,68): warning C4566: character represented by universal-character-name '\u03BB' cannot be represented in the current code page (1252)
  FileName.cpp
  Grammar.cpp
D:\FISIERE AN 2 SEM 1 - FACULTATE DE MATEMATICA SI INFORMATICA -INFORMATICA\COMPUTERS\probleme C++\LFC proiectul 1\LFC Grammar_NFA_DFA_Regex\LFC Project 2\Grammar.cpp(54,47): warning C4566: character represented by universal-character-name '\u03B5' cannot be represented in the current code page (1252)
D:\FISIERE AN 2 SEM 1 - FACULTATE DE MATEMATICA SI INFORMATICA -INFORMATICA\COMPUTERS\probleme C++\LFC proiectul 1\LFC Grammar_NFA_DFA_Regex\LFC Project 2\Grammar.cpp(85,35): warning C4566: character represented by universal-character-name '\u03BB' cannot be represented in the current code page (1252)
D:\FISIERE AN 2 SEM 1 - FACULTATE DE MATEMATICA SI INFORMATICA -INFORMATICA\COMPUTERS\probleme C++\LFC proiectul 1\LFC Grammar_NFA_DFA_Regex\LFC Project 2\Grammar.cpp(121,51): warning C4566: character represented by universal-character-name '\u03BB' cannot be represented in the current code page (1252)
D:\FISIERE AN 2 SEM 1 - FACULTATE DE MATEMATICA SI INFORMATICA -INFORMATICA\COMPUTERS\probleme C++\LFC proiectul 1\LFC Grammar_NFA_DFA_Regex\LFC Project 2\Grammar.cpp(122,51): warning C4566: character represented by universal-character-name '\u03BB' cannot be represented in the current code page (1252)
D:\FISIERE AN 2 SEM 1 - FACULTATE DE MATEMATICA SI INFORMATICA -INFORMATICA\COMPUTERS\probleme C++\LFC proiectul 1\LFC Grammar_NFA_DFA_Regex\LFC Project 2\Grammar.cpp(123,47): warning C4566: character represented by universal-character-name '\u03BB' cannot be represented in the current code page (1252)
D:\FISIERE AN 2 SEM 1 - FACULTATE DE MATEMATICA SI INFORMATICA -INFORMATICA\COMPUTERS\probleme C++\LFC proiectul 1\LFC Grammar_NFA_DFA_Regex\LFC Project 2\Grammar.cpp(124,47): warning C4566: character represented by universal-character-name '\u03BB' cannot be represented in the current code page (1252)
D:\FISIERE AN 2 SEM 1 - FACULTATE DE MATEMATICA SI INFORMATICA -INFORMATICA\COMPUTERS\probleme C++\LFC proiectul 1\LFC Grammar_NFA_DFA_Regex\LFC Project 2\Grammar.cpp(135,47): warning C4566: character represented by universal-character-name '\u03BB' cannot be represented in the current code page (1252)
D:\FISIERE AN 2 SEM 1 - FACULTATE DE MATEMATICA SI INFORMATICA -INFORMATICA\COMPUTERS\probleme C++\LFC proiectul 1\LFC Grammar_NFA_DFA_Regex\LFC Project 2\Grammar.cpp(145,49): warning C4566: character represented by universal-character-name '\u03BB' cannot be represented in the current code page (1252)
D:\FISIERE AN 2 SEM 1 - FACULTATE DE MATEMATICA SI INFORMATICA -INFORMATICA\COMPUTERS\probleme C++\LFC proiectul 1\LFC Grammar_NFA_DFA_Regex\LFC Project 2\Grammar.cpp(146,43): warning C4566: character represented by universal-character-name '\u03BB' cannot be represented in the current code page (1252)
D:\FISIERE AN 2 SEM 1 - FACULTATE DE MATEMATICA SI INFORMATICA -INFORMATICA\COMPUTERS\probleme C++\LFC proiectul 1\LFC Grammar_NFA_DFA_Regex\LFC Project 2\Grammar.cpp(147,51): warning C4566: character represented by universal-character-name '\u03BB' cannot be represented in the current code page (1252)
D:\FISIERE AN 2 SEM 1 - FACULTATE DE MATEMATICA SI INFORMATICA -INFORMATICA\COMPUTERS\probleme C++\LFC proiectul 1\LFC Grammar_NFA_DFA_Regex\LFC Project 2\Grammar.cpp(148,45): warning C4566: character represented by universal-character-name '\u03BB' cannot be represented in the current code page (1252)
  PostfixConverter.cpp
  Generating Code...
  LFC Project 2.vcxproj -> D:\FISIERE AN 2 SEM 1 - FACULTATE DE MATEMATICA SI INFORMATICA -INFORMATICA\COMPUTERS\probleme C++\LFC proiectul 1\LFC Grammar_NFA_DFA_Regex\x64\Debug\LFC Tema 1.exe
