  AFD.cpp
  AFN.cpp
C:\Computers\probleme C++\LFC Project 2\LFC Project 2\AFN.h(53,23): warning C4566: character represented by universal-character-name '\u03BB' cannot be represented in the current code page (1252)
  (compiling source file 'AFN.cpp')
  
C:\Computers\probleme C++\LFC Project 2\LFC Project 2\AFN.h(120,72): warning C4566: character represented by universal-character-name '\u03BB' cannot be represented in the current code page (1252)
  (compiling source file 'AFN.cpp')
  
  FileName.cpp
C:\Computers\probleme C++\LFC Project 2\LFC Project 2\AFN.h(53,23): warning C4566: character represented by universal-character-name '\u03BB' cannot be represented in the current code page (1252)
  (compiling source file 'FileName.cpp')
  
C:\Computers\probleme C++\LFC Project 2\LFC Project 2\AFN.h(120,72): warning C4566: character represented by universal-character-name '\u03BB' cannot be represented in the current code page (1252)
  (compiling source file 'FileName.cpp')
  
C:\Computers\probleme C++\LFC Project 2\LFC Project 2\Grammar.h(54,45): warning C4566: character represented by universal-character-name '\u03B5' cannot be represented in the current code page (1252)
  (compiling source file 'FileName.cpp')
  
C:\Computers\probleme C++\LFC Project 2\LFC Project 2\Grammar.h(734,22): warning C4566: character represented by universal-character-name '\u0103' cannot be represented in the current code page (1252)
  (compiling source file 'FileName.cpp')
  
C:\Computers\probleme C++\LFC Project 2\LFC Project 2\Grammar.h(769,56): warning C4566: character represented by universal-character-name '\u03BB' cannot be represented in the current code page (1252)
  (compiling source file 'FileName.cpp')
  
C:\Computers\probleme C++\LFC Project 2\LFC Project 2\Grammar.h(770,56): warning C4566: character represented by universal-character-name '\u03BB' cannot be represented in the current code page (1252)
  (compiling source file 'FileName.cpp')
  
C:\Computers\probleme C++\LFC Project 2\LFC Project 2\Grammar.h(771,52): warning C4566: character represented by universal-character-name '\u03BB' cannot be represented in the current code page (1252)
  (compiling source file 'FileName.cpp')
  
C:\Computers\probleme C++\LFC Project 2\LFC Project 2\Grammar.h(772,52): warning C4566: character represented by universal-character-name '\u03BB' cannot be represented in the current code page (1252)
  (compiling source file 'FileName.cpp')
  
C:\Computers\probleme C++\LFC Project 2\LFC Project 2\Grammar.h(784,52): warning C4566: character represented by universal-character-name '\u03BB' cannot be represented in the current code page (1252)
  (compiling source file 'FileName.cpp')
  
C:\Computers\probleme C++\LFC Project 2\LFC Project 2\Grammar.h(795,54): warning C4566: character represented by universal-character-name '\u03BB' cannot be represented in the current code page (1252)
  (compiling source file 'FileName.cpp')
  
C:\Computers\probleme C++\LFC Project 2\LFC Project 2\Grammar.h(796,48): warning C4566: character represented by universal-character-name '\u03BB' cannot be represented in the current code page (1252)
  (compiling source file 'FileName.cpp')
  
C:\Computers\probleme C++\LFC Project 2\LFC Project 2\Grammar.h(797,56): warning C4566: character represented by universal-character-name '\u03BB' cannot be represented in the current code page (1252)
  (compiling source file 'FileName.cpp')
  
C:\Computers\probleme C++\LFC Project 2\LFC Project 2\Grammar.h(798,50): warning C4566: character represented by universal-character-name '\u03BB' cannot be represented in the current code page (1252)
  (compiling source file 'FileName.cpp')
  
C:\Computers\probleme C++\LFC Project 2\LFC Project 2\FileName.cpp(12,22): warning C4566: character represented by universal-character-name '\u0219' cannot be represented in the current code page (1252)
C:\Computers\probleme C++\LFC Project 2\LFC Project 2\FileName.cpp(23,18): warning C4566: character represented by universal-character-name '\u0103' cannot be represented in the current code page (1252)
C:\Computers\probleme C++\LFC Project 2\LFC Project 2\FileName.cpp(27,22): warning C4566: character represented by universal-character-name '\u0103' cannot be represented in the current code page (1252)
C:\Computers\probleme C++\LFC Project 2\LFC Project 2\FileName.cpp(54,22): warning C4566: character represented by universal-character-name '\u0219' cannot be represented in the current code page (1252)
C:\Computers\probleme C++\LFC Project 2\LFC Project 2\FileName.cpp(60,18): warning C4566: character represented by universal-character-name '\u021B' cannot be represented in the current code page (1252)
C:\Computers\probleme C++\LFC Project 2\LFC Project 2\FileName.cpp(60,18): warning C4566: character represented by universal-character-name '\u0219' cannot be represented in the current code page (1252)
  Grammar.cpp
C:\Computers\probleme C++\LFC Project 2\LFC Project 2\AFN.h(53,23): warning C4566: character represented by universal-character-name '\u03BB' cannot be represented in the current code page (1252)
  (compiling source file 'Grammar.cpp')
  
C:\Computers\probleme C++\LFC Project 2\LFC Project 2\AFN.h(120,72): warning C4566: character represented by universal-character-name '\u03BB' cannot be represented in the current code page (1252)
  (compiling source file 'Grammar.cpp')
  
C:\Computers\probleme C++\LFC Project 2\LFC Project 2\Grammar.h(54,45): warning C4566: character represented by universal-character-name '\u03B5' cannot be represented in the current code page (1252)
  (compiling source file 'Grammar.cpp')
  
C:\Computers\probleme C++\LFC Project 2\LFC Project 2\Grammar.h(734,22): warning C4566: character represented by universal-character-name '\u0103' cannot be represented in the current code page (1252)
  (compiling source file 'Grammar.cpp')
  
C:\Computers\probleme C++\LFC Project 2\LFC Project 2\Grammar.h(769,56): warning C4566: character represented by universal-character-name '\u03BB' cannot be represented in the current code page (1252)
  (compiling source file 'Grammar.cpp')
  
C:\Computers\probleme C++\LFC Project 2\LFC Project 2\Grammar.h(770,56): warning C4566: character represented by universal-character-name '\u03BB' cannot be represented in the current code page (1252)
  (compiling source file 'Grammar.cpp')
  
C:\Computers\probleme C++\LFC Project 2\LFC Project 2\Grammar.h(771,52): warning C4566: character represented by universal-character-name '\u03BB' cannot be represented in the current code page (1252)
  (compiling source file 'Grammar.cpp')
  
C:\Computers\probleme C++\LFC Project 2\LFC Project 2\Grammar.h(772,52): warning C4566: character represented by universal-character-name '\u03BB' cannot be represented in the current code page (1252)
  (compiling source file 'Grammar.cpp')
  
C:\Computers\probleme C++\LFC Project 2\LFC Project 2\Grammar.h(784,52): warning C4566: character represented by universal-character-name '\u03BB' cannot be represented in the current code page (1252)
  (compiling source file 'Grammar.cpp')
  
C:\Computers\probleme C++\LFC Project 2\LFC Project 2\Grammar.h(795,54): warning C4566: character represented by universal-character-name '\u03BB' cannot be represented in the current code page (1252)
  (compiling source file 'Grammar.cpp')
  
C:\Computers\probleme C++\LFC Project 2\LFC Project 2\Grammar.h(796,48): warning C4566: character represented by universal-character-name '\u03BB' cannot be represented in the current code page (1252)
  (compiling source file 'Grammar.cpp')
  
C:\Computers\probleme C++\LFC Project 2\LFC Project 2\Grammar.h(797,56): warning C4566: character represented by universal-character-name '\u03BB' cannot be represented in the current code page (1252)
  (compiling source file 'Grammar.cpp')
  
C:\Computers\probleme C++\LFC Project 2\LFC Project 2\Grammar.h(798,50): warning C4566: character represented by universal-character-name '\u03BB' cannot be represented in the current code page (1252)
  (compiling source file 'Grammar.cpp')
  
  PostfixConverter.cpp
  Generating code
  Previous IPDB not found, fall back to full compilation.
  All 1434 functions were compiled because no usable IPDB/IOBJ from previous compilation was found.
  Finished generating code
  LFC Project 2.vcxproj -> C:\Computers\probleme C++\LFC Project 2\x64\Release\LFC Project 2.exe
  'pwsh.exe' is not recognized as an internal or external command,
  operable program or batch file.
